  MainPrueba.cpp
C:\Users\diego\OneDrive\Escritorio\ProyectoCG\CG-IHC-Proyecto-final\ProyectoFinal\ProyectoFinal\modelAnim.h(104,44): warning C4244: '=': conversión de 'double' a 'float'; posible pérdida de datos
C:\Users\diego\OneDrive\Escritorio\ProyectoCG\CG-IHC-Proyecto-final\ProyectoFinal\ProyectoFinal\modelAnim.h(519,24): warning C4244: 'inicializando': conversión de 'double' a 'float'; posible pérdida de datos
C:\Users\diego\OneDrive\Escritorio\ProyectoCG\CG-IHC-Proyecto-final\ProyectoFinal\ProyectoFinal\MainPrueba.cpp(509,24): warning C4244: 'inicializando': conversión de 'double' a 'GLfloat'; posible pérdida de datos
C:\Users\diego\OneDrive\Escritorio\ProyectoCG\CG-IHC-Proyecto-final\ProyectoFinal\ProyectoFinal\MainPrueba.cpp(786,23): warning C4244: '=': conversión de 'double' a 'float'; posible pérdida de datos
C:\Users\diego\OneDrive\Escritorio\ProyectoCG\CG-IHC-Proyecto-final\ProyectoFinal\ProyectoFinal\MainPrueba.cpp(963,11): warning C4244: '=': conversión de 'double' a 'GLfloat'; posible pérdida de datos
C:\Users\diego\OneDrive\Escritorio\ProyectoCG\CG-IHC-Proyecto-final\ProyectoFinal\ProyectoFinal\MainPrueba.cpp(964,11): warning C4244: '=': conversión de 'double' a 'GLfloat'; posible pérdida de datos
C:\Users\diego\OneDrive\Escritorio\ProyectoCG\CG-IHC-Proyecto-final\ProyectoFinal\ProyectoFinal\MainPrueba.cpp(968,18): warning C4244: 'inicializando': conversión de 'double' a 'GLfloat'; posible pérdida de datos
C:\Users\diego\OneDrive\Escritorio\ProyectoCG\CG-IHC-Proyecto-final\ProyectoFinal\ProyectoFinal\MainPrueba.cpp(969,18): warning C4244: 'inicializando': conversión de 'double' a 'GLfloat'; posible pérdida de datos
C:\Users\diego\OneDrive\Escritorio\ProyectoCG\CG-IHC-Proyecto-final\ProyectoFinal\ProyectoFinal\MainPrueba.cpp(971,10): warning C4244: '=': conversión de 'double' a 'GLfloat'; posible pérdida de datos
C:\Users\diego\OneDrive\Escritorio\ProyectoCG\CG-IHC-Proyecto-final\ProyectoFinal\ProyectoFinal\MainPrueba.cpp(972,10): warning C4244: '=': conversión de 'double' a 'GLfloat'; posible pérdida de datos
C:\Users\diego\OneDrive\Escritorio\ProyectoCG\CG-IHC-Proyecto-final\ProyectoFinal\ProyectoFinal\MainPrueba.cpp(1005,20): warning C4305: '+=': truncamiento de 'double' a 'float'
C:\Users\diego\OneDrive\Escritorio\ProyectoCG\CG-IHC-Proyecto-final\ProyectoFinal\ProyectoFinal\MainPrueba.cpp(1009,20): warning C4305: '-=': truncamiento de 'double' a 'float'
C:\Users\diego\OneDrive\Escritorio\ProyectoCG\CG-IHC-Proyecto-final\ProyectoFinal\ProyectoFinal\MainPrueba.cpp(1023,21): warning C4305: '+=': truncamiento de 'double' a 'float'
C:\Users\diego\OneDrive\Escritorio\ProyectoCG\CG-IHC-Proyecto-final\ProyectoFinal\ProyectoFinal\MainPrueba.cpp(1029,21): warning C4305: '+=': truncamiento de 'double' a 'float'
C:\Users\diego\OneDrive\Escritorio\ProyectoCG\CG-IHC-Proyecto-final\ProyectoFinal\ProyectoFinal\MainPrueba.cpp(1035,20): warning C4305: '+=': truncamiento de 'double' a 'float'
C:\Users\diego\OneDrive\Escritorio\ProyectoCG\CG-IHC-Proyecto-final\ProyectoFinal\ProyectoFinal\MainPrueba.cpp(1052,17): warning C4305: '+=': truncamiento de 'double' a 'float'
C:\Users\diego\OneDrive\Escritorio\ProyectoCG\CG-IHC-Proyecto-final\ProyectoFinal\ProyectoFinal\MainPrueba.cpp(1055,20): warning C4305: '+=': truncamiento de 'double' a 'float'
C:\Users\diego\OneDrive\Escritorio\ProyectoCG\CG-IHC-Proyecto-final\ProyectoFinal\ProyectoFinal\MainPrueba.cpp(1059,20): warning C4305: '-=': truncamiento de 'double' a 'float'
C:\Users\diego\OneDrive\Escritorio\ProyectoCG\CG-IHC-Proyecto-final\ProyectoFinal\ProyectoFinal\MainPrueba.cpp(1073,17): warning C4305: '+=': truncamiento de 'double' a 'float'
C:\Users\diego\OneDrive\Escritorio\ProyectoCG\CG-IHC-Proyecto-final\ProyectoFinal\ProyectoFinal\MainPrueba.cpp(1077,17): warning C4305: '-=': truncamiento de 'double' a 'float'
C:\Users\diego\OneDrive\Escritorio\ProyectoCG\CG-IHC-Proyecto-final\ProyectoFinal\ProyectoFinal\MainPrueba.cpp(1095,25): warning C4305: '+=': truncamiento de 'double' a 'float'
C:\Users\diego\OneDrive\Escritorio\ProyectoCG\CG-IHC-Proyecto-final\ProyectoFinal\ProyectoFinal\MainPrueba.cpp(1096,24): warning C4305: '-=': truncamiento de 'double' a 'float'
C:\Users\diego\OneDrive\Escritorio\ProyectoCG\CG-IHC-Proyecto-final\ProyectoFinal\ProyectoFinal\MainPrueba.cpp(1100,25): warning C4305: '+=': truncamiento de 'double' a 'float'
C:\Users\diego\OneDrive\Escritorio\ProyectoCG\CG-IHC-Proyecto-final\ProyectoFinal\ProyectoFinal\MainPrueba.cpp(1101,25): warning C4305: '+=': truncamiento de 'double' a 'float'
C:\Users\diego\OneDrive\Escritorio\ProyectoCG\CG-IHC-Proyecto-final\ProyectoFinal\ProyectoFinal\MainPrueba.cpp(1105,20): warning C4305: '+=': truncamiento de 'double' a 'float'
C:\Users\diego\OneDrive\Escritorio\ProyectoCG\CG-IHC-Proyecto-final\ProyectoFinal\ProyectoFinal\MainPrueba.cpp(1106,21): warning C4305: '-=': truncamiento de 'double' a 'float'
C:\Users\diego\OneDrive\Escritorio\ProyectoCG\CG-IHC-Proyecto-final\ProyectoFinal\ProyectoFinal\MainPrueba.cpp(1110,21): warning C4305: '+=': truncamiento de 'double' a 'float'
C:\Users\diego\OneDrive\Escritorio\ProyectoCG\CG-IHC-Proyecto-final\ProyectoFinal\ProyectoFinal\MainPrueba.cpp(1111,20): warning C4305: '+=': truncamiento de 'double' a 'float'
C:\Users\diego\OneDrive\Escritorio\ProyectoCG\CG-IHC-Proyecto-final\ProyectoFinal\ProyectoFinal\MainPrueba.cpp(1124,20): warning C4305: '-=': truncamiento de 'double' a 'float'
C:\Users\diego\OneDrive\Escritorio\ProyectoCG\CG-IHC-Proyecto-final\ProyectoFinal\ProyectoFinal\MainPrueba.cpp(1170,27): warning C4244: '-=': conversión de 'double' a 'float'; posible pérdida de datos
C:\Users\diego\OneDrive\Escritorio\ProyectoCG\CG-IHC-Proyecto-final\ProyectoFinal\ProyectoFinal\MainPrueba.cpp(1173,26): warning C4244: '+=': conversión de 'double' a 'float'; posible pérdida de datos
C:\Users\diego\OneDrive\Escritorio\ProyectoCG\CG-IHC-Proyecto-final\ProyectoFinal\ProyectoFinal\MainPrueba.cpp(1174,27): warning C4244: '-=': conversión de 'double' a 'float'; posible pérdida de datos
C:\Users\diego\OneDrive\Escritorio\ProyectoCG\CG-IHC-Proyecto-final\ProyectoFinal\ProyectoFinal\MainPrueba.cpp(1179,26): warning C4244: '-=': conversión de 'double' a 'float'; posible pérdida de datos
C:\Users\diego\OneDrive\Escritorio\ProyectoCG\CG-IHC-Proyecto-final\ProyectoFinal\ProyectoFinal\MainPrueba.cpp(1180,27): warning C4244: '+=': conversión de 'double' a 'float'; posible pérdida de datos
C:\Users\diego\OneDrive\Escritorio\ProyectoCG\CG-IHC-Proyecto-final\ProyectoFinal\ProyectoFinal\MainPrueba.cpp(1191,15): warning C4305: '+=': truncamiento de 'double' a 'float'
C:\Users\diego\OneDrive\Escritorio\ProyectoCG\CG-IHC-Proyecto-final\ProyectoFinal\ProyectoFinal\MainPrueba.cpp(1194,30): warning C4244: '-=': conversión de 'double' a 'float'; posible pérdida de datos
C:\Users\diego\OneDrive\Escritorio\ProyectoCG\CG-IHC-Proyecto-final\ProyectoFinal\ProyectoFinal\MainPrueba.cpp(1195,15): warning C4305: '-=': truncamiento de 'double' a 'float'
C:\Users\diego\OneDrive\Escritorio\ProyectoCG\CG-IHC-Proyecto-final\ProyectoFinal\ProyectoFinal\MainPrueba.cpp(1198,26): warning C4244: '+=': conversión de 'double' a 'float'; posible pérdida de datos
C:\Users\diego\OneDrive\Escritorio\ProyectoCG\CG-IHC-Proyecto-final\ProyectoFinal\ProyectoFinal\MainPrueba.cpp(1199,27): warning C4244: '-=': conversión de 'double' a 'float'; posible pérdida de datos
C:\Users\diego\OneDrive\Escritorio\ProyectoCG\CG-IHC-Proyecto-final\ProyectoFinal\ProyectoFinal\MainPrueba.cpp(1204,26): warning C4244: '-=': conversión de 'double' a 'float'; posible pérdida de datos
C:\Users\diego\OneDrive\Escritorio\ProyectoCG\CG-IHC-Proyecto-final\ProyectoFinal\ProyectoFinal\MainPrueba.cpp(1205,27): warning C4244: '+=': conversión de 'double' a 'float'; posible pérdida de datos
C:\Users\diego\OneDrive\Escritorio\ProyectoCG\CG-IHC-Proyecto-final\ProyectoFinal\ProyectoFinal\MainPrueba.cpp(1234,19): warning C4305: '+=': truncamiento de 'double' a 'float'
C:\Users\diego\OneDrive\Escritorio\ProyectoCG\CG-IHC-Proyecto-final\ProyectoFinal\ProyectoFinal\MainPrueba.cpp(1237,19): warning C4305: '-=': truncamiento de 'double' a 'float'
C:\Users\diego\OneDrive\Escritorio\ProyectoCG\CG-IHC-Proyecto-final\ProyectoFinal\ProyectoFinal\MainPrueba.cpp(1240,20): warning C4305: '-=': truncamiento de 'double' a 'float'
C:\Users\diego\OneDrive\Escritorio\ProyectoCG\CG-IHC-Proyecto-final\ProyectoFinal\ProyectoFinal\MainPrueba.cpp(1243,20): warning C4305: '+=': truncamiento de 'double' a 'float'
C:\Users\diego\OneDrive\Escritorio\ProyectoCG\CG-IHC-Proyecto-final\ProyectoFinal\ProyectoFinal\MainPrueba.cpp(1246,17): warning C4305: '+=': truncamiento de 'double' a 'float'
C:\Users\diego\OneDrive\Escritorio\ProyectoCG\CG-IHC-Proyecto-final\ProyectoFinal\ProyectoFinal\MainPrueba.cpp(1290,17): warning C4305: '+=': truncamiento de 'double' a 'float'
C:\Users\diego\OneDrive\Escritorio\ProyectoCG\CG-IHC-Proyecto-final\ProyectoFinal\ProyectoFinal\MainPrueba.cpp(1293,17): warning C4305: '-=': truncamiento de 'double' a 'float'
soil2-debug.lib(SOIL2.obj) : warning LNK4075: se omite '/EDITANDCONTINUE' debido a la especificación '/OPT:ICF'
LINK : warning LNK4098: la biblioteca predeterminada'MSVCRTD' entra en conflicto con otras bibliotecas; use la biblioteca /NODEFAULTLIB:biblioteca
  Generando código
  2 of 690 functions ( 0.3%) were compiled, the rest were copied from previous compilation.
    0 functions were new in current compilation
    0 functions had inline decision re-evaluated but remain unchanged
  Generación de código finalizada
soil2-debug.lib(etc1_utils.obj) : warning LNK4099: no se encontró PDB 'soil2-debug.pdb' con 'soil2-debug.lib(etc1_utils.obj)' o en 'C:\Users\diego\OneDrive\Escritorio\ProyectoCG\CG-IHC-Proyecto-final\ProyectoFinal\Release\soil2-debug.pdb'; se vinculará el objeto sin tener en cuenta información de depuración
soil2-debug.lib(image_DXT.obj) : warning LNK4099: no se encontró PDB 'soil2-debug.pdb' con 'soil2-debug.lib(image_DXT.obj)' o en 'C:\Users\diego\OneDrive\Escritorio\ProyectoCG\CG-IHC-Proyecto-final\ProyectoFinal\Release\soil2-debug.pdb'; se vinculará el objeto sin tener en cuenta información de depuración
soil2-debug.lib(image_helper.obj) : warning LNK4099: no se encontró PDB 'soil2-debug.pdb' con 'soil2-debug.lib(image_helper.obj)' o en 'C:\Users\diego\OneDrive\Escritorio\ProyectoCG\CG-IHC-Proyecto-final\ProyectoFinal\Release\soil2-debug.pdb'; se vinculará el objeto sin tener en cuenta información de depuración
soil2-debug.lib(SOIL2.obj) : warning LNK4099: no se encontró PDB 'soil2-debug.pdb' con 'soil2-debug.lib(SOIL2.obj)' o en 'C:\Users\diego\OneDrive\Escritorio\ProyectoCG\CG-IHC-Proyecto-final\ProyectoFinal\Release\soil2-debug.pdb'; se vinculará el objeto sin tener en cuenta información de depuración
  ProyectoFinal.vcxproj -> C:\Users\diego\OneDrive\Escritorio\ProyectoCG\CG-IHC-Proyecto-final\ProyectoFinal\Release\ProyectoFinal.exe
